<?xml version="1.0" encoding="UTF-8"?>
<!-- Generated by org.testng.reporters.JUnitXMLReporter -->
<testsuite ignored="0" hostname="DESKTOP-4H5FPDV" failures="0" tests="6" name="Basic1 level" time="0.067" errors="0" timestamp="2023-09-09T13:20:20 IST">
  <testcase classname="textNGAnnotation.Da2TextNGAnnotation4" name="Valueputdata" time="0.008"/>
  <testcase classname="textNGAnnotation.Da2TextNGAnnotation4" name="putdata1" time="0.003"/>
  <testcase classname="textNGAnnotation.Da2TextNGAnnotation4" name="putmobile1" time="0.002"/>
  <testcase classname="textNGAnnotation.Da2TextNGAnnotation4" name="putmobile1" time="0.002"/>
  <testcase classname="textNGAnnotation.Da2TextNGAnnotation4" name="putmobile1" time="0.001"/>
  <testcase classname="textNGAnnotation.Da2TextNGAnnotation4" name="putmobile2" time="0.001"/>
</testsuite> <!-- Basic1 level -->
