<?xml version="1.0" encoding="UTF-8"?>
<!-- Generated by org.testng.reporters.JUnitXMLReporter -->
<testsuite ignored="1" hostname="DESKTOP-4H5FPDV" failures="1" tests="3" name="Basic Testing Practice" time="0.067" errors="0" timestamp="2023-04-16T11:32:50 IST">
  <testcase classname="textNGAnnotation.Day1Annotation" name="getdata" time="0.011"/>
  <testcase classname="textNGAnnotation.Da2TextNGAnnotation" name="putdata" time="0.002"/>
  <testcase classname="textNGAnnotation.Da2TextNGAnnotation" name="putdata1" time="0.005">
    <failure type="java.lang.AssertionError" message="expected [true] but found [false]">
      <![CDATA[java.lang.AssertionError: expected [true] but found [false]
at textNGAnnotation.Da2TextNGAnnotation.putdata1(Da2TextNGAnnotation.java:29)
at java.base/java.util.ArrayList.forEach(ArrayList.java:1511)
at java.base/java.util.concurrent.FutureTask.run(FutureTask.java:264)
at java.base/java.util.concurrent.ThreadPoolExecutor.runWorker(ThreadPoolExecutor.java:1136)
at java.base/java.util.concurrent.ThreadPoolExecutor$Worker.run(ThreadPoolExecutor.java:635)
at java.base/java.lang.Thread.run(Thread.java:833)
... Removed 22 stack frames]]>
    </failure>
  </testcase> <!-- putdata1 -->
  <testcase classname="textNGAnnotation.Day1Annotation" name="setdata" time="0.0">
    <ignored/>
  </testcase> <!-- setdata -->
</testsuite> <!-- Basic Testing Practice -->
