<?xml version="1.0" encoding="UTF-8"?>
<!-- Generated by org.testng.reporters.JUnitXMLReporter -->
<testsuite ignored="0" hostname="DESKTOP-4H5FPDV" failures="0" tests="6" name="Basic1 level" time="0.08" errors="0" timestamp="2023-04-16T11:32:50 IST">
  <testcase classname="textNGAnnotation.Da2TextNGAnnotation4" name="Valueputdata" time="0.012"/>
  <testcase classname="textNGAnnotation.Da2TextNGAnnotation4" name="putdata1" time="0.003"/>
  <testcase classname="textNGAnnotation.Da2TextNGAnnotation4" name="putmobile1" time="0.005"/>
  <testcase classname="textNGAnnotation.Da2TextNGAnnotation4" name="putmobile1" time="0.002"/>
  <testcase classname="textNGAnnotation.Da2TextNGAnnotation4" name="putmobile1" time="0.002"/>
  <testcase classname="textNGAnnotation.Da2TextNGAnnotation4" name="putmobile2" time="0.002"/>
</testsuite> <!-- Basic1 level -->
