<?xml version="1.0" encoding="UTF-8"?>
<!-- Generated by org.testng.reporters.JUnitXMLReporter -->
<testsuite ignored="1" hostname="DESKTOP-4H5FPDV" failures="0" tests="2" name="Basic level" time="0.049" errors="0" timestamp="2023-09-09T13:20:20 IST">
  <testcase classname="textNGAnnotation.Day1Annotation3" name="setdata" time="0.009"/>
  <testcase classname="textNGAnnotation.Day1Annotation3" name="mapData" time="0.001"/>
  <testcase classname="textNGAnnotation.Day1Annotation3" name="getdata" time="0.0">
    <ignored/>
  </testcase> <!-- getdata -->
</testsuite> <!-- Basic level -->
