<?xml version="1.0" encoding="UTF-8"?>
<!-- Generated by org.testng.reporters.JUnitXMLReporter -->
<testsuite ignored="7" hostname="DESKTOP-4H5FPDV" failures="0" tests="4" name="Regression Testing " time="0.052" errors="0" timestamp="2023-04-15T20:32:45 IST">
  <testcase classname="textNGAnnotation.Day1Annotation" name="getdata" time="0.009"/>
  <testcase classname="textNGAnnotation.Da2TextNGAnnotation" name="putdata1" time="0.002"/>
  <testcase classname="textNGAnnotation.Day1Annotation3" name="setdata" time="0.002"/>
  <testcase classname="textNGAnnotation.Da2TextNGAnnotation4" name="putmobile2" time="0.001"/>
  <testcase classname="textNGAnnotation.Day1Annotation" name="setdata" time="0.0">
    <ignored/>
  </testcase> <!-- setdata -->
  <testcase classname="textNGAnnotation.Da2TextNGAnnotation4" name="Valueputdata" time="0.0">
    <ignored/>
  </testcase> <!-- Valueputdata -->
  <testcase classname="textNGAnnotation.Da2TextNGAnnotation4" name="putmobile1" time="0.0">
    <ignored/>
  </testcase> <!-- putmobile1 -->
  <testcase classname="textNGAnnotation.Day1Annotation3" name="mapData" time="0.0">
    <ignored/>
  </testcase> <!-- mapData -->
  <testcase classname="textNGAnnotation.Day1Annotation3" name="getdata" time="0.0">
    <ignored/>
  </testcase> <!-- getdata -->
  <testcase classname="textNGAnnotation.Da2TextNGAnnotation4" name="putdata1" time="0.0">
    <ignored/>
  </testcase> <!-- putdata1 -->
  <testcase classname="textNGAnnotation.Da2TextNGAnnotation" name="putdata" time="0.0">
    <ignored/>
  </testcase> <!-- putdata -->
</testsuite> <!-- Regression Testing  -->
