<?xml version="1.0" encoding="UTF-8"?>
<!-- Generated by org.testng.reporters.JUnitXMLReporter -->
<testsuite ignored="0" hostname="DESKTOP-4H5FPDV" failures="0" tests="6" name="Default test" time="0.055" errors="0" timestamp="2023-04-16T10:42:03 IST">
  <testcase classname="textNGAnnotation.Da2TextNGAnnotation4" name="Valueputdata" time="0.007"/>
  <testcase classname="textNGAnnotation.Da2TextNGAnnotation4" name="putdata1" time="0.001"/>
  <testcase classname="textNGAnnotation.Da2TextNGAnnotation4" name="putmobile1" time="0.001"/>
  <testcase classname="textNGAnnotation.Da2TextNGAnnotation4" name="putmobile1" time="0.001"/>
  <testcase classname="textNGAnnotation.Da2TextNGAnnotation4" name="putmobile1" time="0.001"/>
  <testcase classname="textNGAnnotation.Da2TextNGAnnotation4" name="putmobile2" time="0.0"/>
</testsuite> <!-- Default test -->
