<?xml version="1.0" encoding="UTF-8"?>
<!-- Generated by org.testng.reporters.JUnitXMLReporter -->
<testsuite ignored="0" hostname="DESKTOP-4H5FPDV" failures="0" tests="3" name="Test" time="0.057" errors="0" timestamp="2023-04-15T10:03:38 IST">
  <testcase classname="textNGAnnotation.Day1Annotation" name="getdata" time="0.01"/>
  <testcase classname="textNGAnnotation.Day1Annotation" name="setdata" time="0.001"/>
  <testcase classname="textNGAnnotation.Da2TextNGAnnotation" name="putdata" time="0.001"/>
</testsuite> <!-- Test -->
